<?xml version="1.0" encoding="UTF-8"?>
<!-- Generated by org.testng.reporters.JUnitXMLReporter -->
<testsuite ignored="0" hostname="KUSH1107" failures="0" tests="4" name="Default test" time="11.014" errors="0" timestamp="2023-04-23T14:24:36 IST">
  <testcase classname="api.test.UserTests" name="testPostUser" time="4.948"/>
  <testcase classname="api.test.UserTests" name="testGetUserByName" time="1.119"/>
  <testcase classname="api.test.UserTests" name="testUpdateUserByName" time="2.191"/>
  <testcase classname="api.test.UserTests" name="testDeleteUserByName" time="1.108"/>
</testsuite> <!-- Default test -->
