<?xml version="1.0" encoding="UTF-8"?>
<testsuite xmlns:xsi="http://www.w3.org/2001/XMLSchema-instance" xsi:noNamespaceSchemaLocation="https://maven.apache.org/surefire/maven-surefire-plugin/xsd/surefire-test-report-3.0.xsd" version="3.0" name="TestSuite" time="17.659" tests="8" errors="0" skipped="0" failures="0">
  <properties>
[...]
</properties>
  <testcase name="testPostUser" classname="api.test.UserTests" time="4.33">
    <system-out><![CDATA[HTTP/1.1 200 OK
Date: Sun, 23 Apr 2023 08:59:45 GMT
Content-Type: application/json
Transfer-Encoding: chunked
Connection: keep-alive
Access-Control-Allow-Origin: *
Access-Control-Allow-Methods: GET, POST, DELETE, PUT
Access-Control-Allow-Headers: Content-Type, api_key, Authorization
Server: Jetty(9.2.9.v20150224)

{
    "code": 200,
    "type": "unknown",
    "message": "1896074070"
}
]]></system-out>
    <system-err><![CDATA[SLF4J: Failed to load class "org.slf4j.impl.StaticLoggerBinder".
SLF4J: Defaulting to no-operation (NOP) logger implementation
SLF4J: See http://www.slf4j.org/codes.html#StaticLoggerBinder for further details.
]]></system-err>
  </testcase>
  <testcase name="testGetUserByName" classname="api.test.UserTests" time="1.169">
    <system-out><![CDATA[HTTP/1.1 200 OK
Date: Sun, 23 Apr 2023 08:59:46 GMT
Content-Type: application/json
Transfer-Encoding: chunked
Connection: keep-alive
Access-Control-Allow-Origin: *
Access-Control-Allow-Methods: GET, POST, DELETE, PUT
Access-Control-Allow-Headers: Content-Type, api_key, Authorization
Server: Jetty(9.2.9.v20150224)

{
    "id": 1896074070,
    "username": "emil.okeefe",
    "firstName": "Doug",
    "lastName": "Krajcik",
    "email": "dave.heaney@example.com",
    "password": "h4fpt",
    "phone": "112-121-3535",
    "userStatus": 0
}
]]></system-out>
  </testcase>
  <testcase name="testUpdateUserByName" classname="api.test.UserTests" time="2.083">
    <system-out><![CDATA[{
    "code": 200,
    "type": "unknown",
    "message": "1896074070"
}
]]></system-out>
  </testcase>
  <testcase name="testDeleteUserByName" classname="api.test.UserTests" time="1.125"/>
  <testcase name="testPostUser" classname="api.test.UserTests_Properties" time="1.068">
    <system-out><![CDATA[HTTP/1.1 200 OK
Date: Sun, 23 Apr 2023 08:59:50 GMT
Content-Type: application/json
Transfer-Encoding: chunked
Connection: keep-alive
Access-Control-Allow-Origin: *
Access-Control-Allow-Methods: GET, POST, DELETE, PUT
Access-Control-Allow-Headers: Content-Type, api_key, Authorization
Server: Jetty(9.2.9.v20150224)

{
    "code": 200,
    "type": "unknown",
    "message": "1963218853"
}
]]></system-out>
  </testcase>
  <testcase name="testGetUserByName" classname="api.test.UserTests_Properties" time="1.063">
    <system-out><![CDATA[HTTP/1.1 200 OK
Date: Sun, 23 Apr 2023 08:59:51 GMT
Content-Type: application/json
Transfer-Encoding: chunked
Connection: keep-alive
Access-Control-Allow-Origin: *
Access-Control-Allow-Methods: GET, POST, DELETE, PUT
Access-Control-Allow-Headers: Content-Type, api_key, Authorization
Server: Jetty(9.2.9.v20150224)

{
    "id": 1963218853,
    "username": "nana.schoen",
    "firstName": "Otto",
    "lastName": "Simonis",
    "email": "octavio.kunze@example.com",
    "password": "njcj2poc",
    "phone": "282-316-9918",
    "userStatus": 0
}
]]></system-out>
  </testcase>
  <testcase name="testUpdateUserByName" classname="api.test.UserTests_Properties" time="2.231">
    <system-out><![CDATA[{
    "code": 200,
    "type": "unknown",
    "message": "1963218853"
}
]]></system-out>
  </testcase>
  <testcase name="testDeleteUserByName" classname="api.test.UserTests_Properties" time="1.073"/>
</testsuite>