<?xml version="1.0" encoding="UTF-8"?>
<testng-results ignored="0" total="8" passed="8" failed="0" skipped="0">
  <reporter-output>
  </reporter-output>
  <suite started-at="2023-04-23T14:29:39 IST" name="PetSuite" finished-at="2023-04-23T14:29:55 IST" duration-ms="15989">
    <groups>
    </groups>
    <test started-at="2023-04-23T14:29:39 IST" name="UsersTest" finished-at="2023-04-23T14:29:55 IST" duration-ms="15989">
      <class name="api.test.UserTests_Properties">
        <test-method is-config="true" signature="setup()[pri:0, instance:api.test.UserTests_Properties@1a6d8329]" started-at="2023-04-23T14:29:50 IST" name="setup" finished-at="2023-04-23T14:29:50 IST" duration-ms="74" status="PASS">
          <reporter-output>
          </reporter-output>
        </test-method> <!-- setup -->
        <test-method signature="testPostUser()[pri:1, instance:api.test.UserTests_Properties@1a6d8329]" started-at="2023-04-23T14:29:50 IST" name="testPostUser" finished-at="2023-04-23T14:29:51 IST" duration-ms="1064" status="PASS">
          <reporter-output>
          </reporter-output>
        </test-method> <!-- testPostUser -->
        <test-method signature="testGetUserByName()[pri:2, instance:api.test.UserTests_Properties@1a6d8329]" started-at="2023-04-23T14:29:51 IST" name="testGetUserByName" finished-at="2023-04-23T14:29:52 IST" duration-ms="1064" status="PASS">
          <reporter-output>
          </reporter-output>
        </test-method> <!-- testGetUserByName -->
        <test-method signature="testUpdateUserByName()[pri:3, instance:api.test.UserTests_Properties@1a6d8329]" started-at="2023-04-23T14:29:52 IST" name="testUpdateUserByName" finished-at="2023-04-23T14:29:54 IST" duration-ms="2232" status="PASS">
          <reporter-output>
          </reporter-output>
        </test-method> <!-- testUpdateUserByName -->
        <test-method signature="testDeleteUserByName()[pri:4, instance:api.test.UserTests_Properties@1a6d8329]" started-at="2023-04-23T14:29:54 IST" name="testDeleteUserByName" finished-at="2023-04-23T14:29:55 IST" duration-ms="1071" status="PASS">
          <reporter-output>
          </reporter-output>
        </test-method> <!-- testDeleteUserByName -->
      </class> <!-- api.test.UserTests_Properties -->
      <class name="api.test.UserTests">
        <test-method is-config="true" signature="setup()[pri:0, instance:api.test.UserTests@13e344d]" started-at="2023-04-23T14:29:40 IST" name="setup" finished-at="2023-04-23T14:29:41 IST" duration-ms="1257" status="PASS">
          <reporter-output>
          </reporter-output>
        </test-method> <!-- setup -->
        <test-method signature="testPostUser()[pri:1, instance:api.test.UserTests@13e344d]" started-at="2023-04-23T14:29:41 IST" name="testPostUser" finished-at="2023-04-23T14:29:45 IST" duration-ms="4309" status="PASS">
          <reporter-output>
          </reporter-output>
        </test-method> <!-- testPostUser -->
        <test-method signature="testGetUserByName()[pri:2, instance:api.test.UserTests@13e344d]" started-at="2023-04-23T14:29:45 IST" name="testGetUserByName" finished-at="2023-04-23T14:29:46 IST" duration-ms="1170" status="PASS">
          <reporter-output>
          </reporter-output>
        </test-method> <!-- testGetUserByName -->
        <test-method signature="testUpdateUserByName()[pri:3, instance:api.test.UserTests@13e344d]" started-at="2023-04-23T14:29:46 IST" name="testUpdateUserByName" finished-at="2023-04-23T14:29:48 IST" duration-ms="2084" status="PASS">
          <reporter-output>
          </reporter-output>
        </test-method> <!-- testUpdateUserByName -->
        <test-method signature="testDeleteUserByName()[pri:4, instance:api.test.UserTests@13e344d]" started-at="2023-04-23T14:29:49 IST" name="testDeleteUserByName" finished-at="2023-04-23T14:29:50 IST" duration-ms="1126" status="PASS">
          <reporter-output>
          </reporter-output>
        </test-method> <!-- testDeleteUserByName -->
      </class> <!-- api.test.UserTests -->
    </test> <!-- UsersTest -->
  </suite> <!-- PetSuite -->
</testng-results>
