<?xml version="1.0" encoding="UTF-8"?>
<!-- Generated by org.testng.reporters.JUnitXMLReporter -->
<testsuite ignored="0" hostname="KUSH1107" failures="0" tests="8" name="UsersTest" time="15.989" errors="0" timestamp="2023-04-23T14:29:55 IST">
  <testcase classname="api.test.UserTests" name="testPostUser" time="4.309"/>
  <testcase classname="api.test.UserTests" name="testGetUserByName" time="1.17"/>
  <testcase classname="api.test.UserTests" name="testUpdateUserByName" time="2.084"/>
  <testcase classname="api.test.UserTests" name="testDeleteUserByName" time="1.126"/>
  <testcase classname="api.test.UserTests_Properties" name="testPostUser" time="1.064"/>
  <testcase classname="api.test.UserTests_Properties" name="testGetUserByName" time="1.064"/>
  <testcase classname="api.test.UserTests_Properties" name="testUpdateUserByName" time="2.232"/>
  <testcase classname="api.test.UserTests_Properties" name="testDeleteUserByName" time="1.071"/>
</testsuite> <!-- UsersTest -->
