<?xml version="1.0" encoding="UTF-8"?>
<!-- Generated by org.testng.reporters.JUnitXMLReporter -->
<testsuite ignored="0" hostname="KUSH1107" failures="0" tests="4" name="UsersTest" time="11.523" errors="0" timestamp="2023-04-23T01:30:49 IST">
  <testcase classname="api.test.UserTests" name="testPostUser" time="4.817"/>
  <testcase classname="api.test.UserTests" name="testGetUserByName" time="1.219"/>
  <testcase classname="api.test.UserTests" name="testUpdateUserByName" time="2.205"/>
  <testcase classname="api.test.UserTests" name="testDeleteUserByName" time="1.172"/>
</testsuite> <!-- UsersTest -->
